CRITICAL - 2024-02-04 08:02:51 --> CodeIgniter\Exceptions\FrameworkException: The framework needs the following extension(s) installed and loaded: intl.
in SYSTEMPATH\CodeIgniter.php on line 252.
 1 SYSTEMPATH\CodeIgniter.php(252): CodeIgniter\Exceptions\FrameworkException::forMissingExtension('intl')
 2 SYSTEMPATH\CodeIgniter.php(214): CodeIgniter\CodeIgniter->resolvePlatformExtensions()
 3 FCPATH\index.php(67): CodeIgniter\CodeIgniter->initialize()
CRITICAL - 2024-02-04 08:05:40 --> CodeIgniter\Exceptions\FrameworkException: The framework needs the following extension(s) installed and loaded: intl.
in SYSTEMPATH\CodeIgniter.php on line 252.
 1 SYSTEMPATH\CodeIgniter.php(252): CodeIgniter\Exceptions\FrameworkException::forMissingExtension('intl')
 2 SYSTEMPATH\CodeIgniter.php(214): CodeIgniter\CodeIgniter->resolvePlatformExtensions()
 3 FCPATH\index.php(67): CodeIgniter\CodeIgniter->initialize()
CRITICAL - 2024-02-04 08:05:56 --> CodeIgniter\Exceptions\FrameworkException: The framework needs the following extension(s) installed and loaded: intl.
in SYSTEMPATH\CodeIgniter.php on line 252.
 1 SYSTEMPATH\CodeIgniter.php(252): CodeIgniter\Exceptions\FrameworkException::forMissingExtension('intl')
 2 SYSTEMPATH\CodeIgniter.php(214): CodeIgniter\CodeIgniter->resolvePlatformExtensions()
 3 FCPATH\index.php(67): CodeIgniter\CodeIgniter->initialize()
CRITICAL - 2024-02-04 08:05:56 --> CodeIgniter\Exceptions\FrameworkException: The framework needs the following extension(s) installed and loaded: intl.
in SYSTEMPATH\CodeIgniter.php on line 252.
 1 SYSTEMPATH\CodeIgniter.php(252): CodeIgniter\Exceptions\FrameworkException::forMissingExtension('intl')
 2 SYSTEMPATH\CodeIgniter.php(214): CodeIgniter\CodeIgniter->resolvePlatformExtensions()
 3 FCPATH\index.php(67): CodeIgniter\CodeIgniter->initialize()
CRITICAL - 2024-02-04 08:05:56 --> CodeIgniter\Exceptions\FrameworkException: The framework needs the following extension(s) installed and loaded: intl.
in SYSTEMPATH\CodeIgniter.php on line 252.
 1 SYSTEMPATH\CodeIgniter.php(252): CodeIgniter\Exceptions\FrameworkException::forMissingExtension('intl')
 2 SYSTEMPATH\CodeIgniter.php(214): CodeIgniter\CodeIgniter->resolvePlatformExtensions()
 3 FCPATH\index.php(67): CodeIgniter\CodeIgniter->initialize()
CRITICAL - 2024-02-04 08:07:29 --> CodeIgniter\Exceptions\FrameworkException: The framework needs the following extension(s) installed and loaded: intl.
in SYSTEMPATH\CodeIgniter.php on line 252.
 1 SYSTEMPATH\CodeIgniter.php(252): CodeIgniter\Exceptions\FrameworkException::forMissingExtension('intl')
 2 SYSTEMPATH\CodeIgniter.php(214): CodeIgniter\CodeIgniter->resolvePlatformExtensions()
 3 FCPATH\index.php(67): CodeIgniter\CodeIgniter->initialize()
CRITICAL - 2024-02-04 07:07:47 --> CodeIgniter\Exceptions\FrameworkException: The framework needs the following extension(s) installed and loaded: intl.
in SYSTEMPATH\CodeIgniter.php on line 252.
 1 SYSTEMPATH\CodeIgniter.php(252): CodeIgniter\Exceptions\FrameworkException::forMissingExtension()
 2 SYSTEMPATH\CodeIgniter.php(214): CodeIgniter\CodeIgniter->resolvePlatformExtensions()
 3 ROOTPATH\spark(88): CodeIgniter\CodeIgniter->initialize()
CRITICAL - 2024-02-04 07:07:47 --> ErrorException: Uncaught Error: Class "Locale" not found in C:\server\htdocs\cs\system\I18n\TimeTrait.php:74
Stack trace:
#0 C:\server\htdocs\cs\system\I18n\TimeTrait.php(115): CodeIgniter\I18n\Time->__construct()
#1 C:\server\htdocs\cs\system\HTTP\ResponseTrait.php(468): CodeIgniter\I18n\Time::now()
#2 C:\server\htdocs\cs\system\HTTP\ResponseTrait.php(446): CodeIgniter\HTTP\Response->sendHeaders()
#3 C:\server\htdocs\cs\system\Debug\ExceptionHandler.php(81): CodeIgniter\HTTP\Response->send()
#4 C:\server\htdocs\cs\system\Debug\Exceptions.php(156): CodeIgniter\Debug\ExceptionHandler->handle()
#5 [internal function]: CodeIgniter\Debug\Exceptions->exceptionHandler()
#6 {main}
  thrown
【Previous Exception】
CodeIgniter\Exceptions\FrameworkException
The framework needs the following extension(s) installed and loaded: intl.
#0 C:\server\htdocs\cs\system\CodeIgniter.php(252): CodeIgniter\Exceptions\FrameworkException::forMissingExtension()
#1 C:\server\htdocs\cs\system\CodeIgniter.php(214): CodeIgniter\CodeIgniter->resolvePlatformExtensions()
#2 C:\server\htdocs\cs\spark(88): CodeIgniter\CodeIgniter->initialize()
#3 {main}
in SYSTEMPATH\I18n\TimeTrait.php on line 74.
 1 [internal function]: CodeIgniter\Debug\Exceptions->shutdownHandler()
CRITICAL - 2024-02-04 07:09:04 --> CodeIgniter\Exceptions\FrameworkException: The framework needs the following extension(s) installed and loaded: intl.
in SYSTEMPATH\CodeIgniter.php on line 252.
 1 SYSTEMPATH\CodeIgniter.php(252): CodeIgniter\Exceptions\FrameworkException::forMissingExtension()
 2 SYSTEMPATH\CodeIgniter.php(214): CodeIgniter\CodeIgniter->resolvePlatformExtensions()
 3 ROOTPATH\spark(88): CodeIgniter\CodeIgniter->initialize()
CRITICAL - 2024-02-04 07:09:04 --> ErrorException: Uncaught Error: Class "Locale" not found in C:\server\htdocs\cs\system\I18n\TimeTrait.php:74
Stack trace:
#0 C:\server\htdocs\cs\system\I18n\TimeTrait.php(115): CodeIgniter\I18n\Time->__construct()
#1 C:\server\htdocs\cs\system\HTTP\ResponseTrait.php(468): CodeIgniter\I18n\Time::now()
#2 C:\server\htdocs\cs\system\HTTP\ResponseTrait.php(446): CodeIgniter\HTTP\Response->sendHeaders()
#3 C:\server\htdocs\cs\system\Debug\ExceptionHandler.php(81): CodeIgniter\HTTP\Response->send()
#4 C:\server\htdocs\cs\system\Debug\Exceptions.php(156): CodeIgniter\Debug\ExceptionHandler->handle()
#5 [internal function]: CodeIgniter\Debug\Exceptions->exceptionHandler()
#6 {main}
  thrown
【Previous Exception】
CodeIgniter\Exceptions\FrameworkException
The framework needs the following extension(s) installed and loaded: intl.
#0 C:\server\htdocs\cs\system\CodeIgniter.php(252): CodeIgniter\Exceptions\FrameworkException::forMissingExtension()
#1 C:\server\htdocs\cs\system\CodeIgniter.php(214): CodeIgniter\CodeIgniter->resolvePlatformExtensions()
#2 C:\server\htdocs\cs\spark(88): CodeIgniter\CodeIgniter->initialize()
#3 {main}
in SYSTEMPATH\I18n\TimeTrait.php on line 74.
 1 [internal function]: CodeIgniter\Debug\Exceptions->shutdownHandler()
CRITICAL - 2024-02-04 08:12:51 --> CodeIgniter\Exceptions\FrameworkException: The framework needs the following extension(s) installed and loaded: intl.
in SYSTEMPATH\CodeIgniter.php on line 252.
 1 SYSTEMPATH\CodeIgniter.php(252): CodeIgniter\Exceptions\FrameworkException::forMissingExtension('intl')
 2 SYSTEMPATH\CodeIgniter.php(214): CodeIgniter\CodeIgniter->resolvePlatformExtensions()
 3 FCPATH\index.php(67): CodeIgniter\CodeIgniter->initialize()
CRITICAL - 2024-02-04 08:12:51 --> CodeIgniter\Exceptions\FrameworkException: The framework needs the following extension(s) installed and loaded: intl.
in SYSTEMPATH\CodeIgniter.php on line 252.
 1 SYSTEMPATH\CodeIgniter.php(252): CodeIgniter\Exceptions\FrameworkException::forMissingExtension('intl')
 2 SYSTEMPATH\CodeIgniter.php(214): CodeIgniter\CodeIgniter->resolvePlatformExtensions()
 3 FCPATH\index.php(67): CodeIgniter\CodeIgniter->initialize()
CRITICAL - 2024-02-04 08:12:52 --> CodeIgniter\Exceptions\FrameworkException: The framework needs the following extension(s) installed and loaded: intl.
in SYSTEMPATH\CodeIgniter.php on line 252.
 1 SYSTEMPATH\CodeIgniter.php(252): CodeIgniter\Exceptions\FrameworkException::forMissingExtension('intl')
 2 SYSTEMPATH\CodeIgniter.php(214): CodeIgniter\CodeIgniter->resolvePlatformExtensions()
 3 FCPATH\index.php(67): CodeIgniter\CodeIgniter->initialize()
CRITICAL - 2024-02-04 08:12:52 --> CodeIgniter\Exceptions\FrameworkException: The framework needs the following extension(s) installed and loaded: intl.
in SYSTEMPATH\CodeIgniter.php on line 252.
 1 SYSTEMPATH\CodeIgniter.php(252): CodeIgniter\Exceptions\FrameworkException::forMissingExtension('intl')
 2 SYSTEMPATH\CodeIgniter.php(214): CodeIgniter\CodeIgniter->resolvePlatformExtensions()
 3 FCPATH\index.php(67): CodeIgniter\CodeIgniter->initialize()
CRITICAL - 2024-02-04 08:12:52 --> CodeIgniter\Exceptions\FrameworkException: The framework needs the following extension(s) installed and loaded: intl.
in SYSTEMPATH\CodeIgniter.php on line 252.
 1 SYSTEMPATH\CodeIgniter.php(252): CodeIgniter\Exceptions\FrameworkException::forMissingExtension('intl')
 2 SYSTEMPATH\CodeIgniter.php(214): CodeIgniter\CodeIgniter->resolvePlatformExtensions()
 3 FCPATH\index.php(67): CodeIgniter\CodeIgniter->initialize()
CRITICAL - 2024-02-04 08:12:53 --> CodeIgniter\Exceptions\FrameworkException: The framework needs the following extension(s) installed and loaded: intl.
in SYSTEMPATH\CodeIgniter.php on line 252.
 1 SYSTEMPATH\CodeIgniter.php(252): CodeIgniter\Exceptions\FrameworkException::forMissingExtension('intl')
 2 SYSTEMPATH\CodeIgniter.php(214): CodeIgniter\CodeIgniter->resolvePlatformExtensions()
 3 FCPATH\index.php(67): CodeIgniter\CodeIgniter->initialize()
CRITICAL - 2024-02-04 08:12:53 --> CodeIgniter\Exceptions\FrameworkException: The framework needs the following extension(s) installed and loaded: intl.
in SYSTEMPATH\CodeIgniter.php on line 252.
 1 SYSTEMPATH\CodeIgniter.php(252): CodeIgniter\Exceptions\FrameworkException::forMissingExtension('intl')
 2 SYSTEMPATH\CodeIgniter.php(214): CodeIgniter\CodeIgniter->resolvePlatformExtensions()
 3 FCPATH\index.php(67): CodeIgniter\CodeIgniter->initialize()
CRITICAL - 2024-02-04 08:12:53 --> CodeIgniter\Exceptions\FrameworkException: The framework needs the following extension(s) installed and loaded: intl.
in SYSTEMPATH\CodeIgniter.php on line 252.
 1 SYSTEMPATH\CodeIgniter.php(252): CodeIgniter\Exceptions\FrameworkException::forMissingExtension('intl')
 2 SYSTEMPATH\CodeIgniter.php(214): CodeIgniter\CodeIgniter->resolvePlatformExtensions()
 3 FCPATH\index.php(67): CodeIgniter\CodeIgniter->initialize()
CRITICAL - 2024-02-04 07:38:37 --> CodeIgniter\Exceptions\ConfigException: Config\App::$baseURL "http://localhost:cs/" is not a valid URL.
in SYSTEMPATH\HTTP\SiteURI.php on line 199.
 1 SYSTEMPATH\HTTP\SiteURI.php(145): CodeIgniter\HTTP\SiteURI->normalizeBaseURL(Object(Config\App))
 2 SYSTEMPATH\HTTP\SiteURI.php(100): CodeIgniter\HTTP\SiteURI->determineBaseURL(Object(Config\App), null, null)
 3 SYSTEMPATH\HTTP\SiteURIFactory.php(224): CodeIgniter\HTTP\SiteURI->__construct(Object(Config\App), '/', null)
 4 SYSTEMPATH\HTTP\SiteURIFactory.php(45): CodeIgniter\HTTP\SiteURIFactory->createURIFromRoutePath('/')
 5 SYSTEMPATH\Config\Services.php(799): CodeIgniter\HTTP\SiteURIFactory->createFromGlobals()
 6 SYSTEMPATH\Config\BaseService.php(258): CodeIgniter\Config\Services::uri(null, false)
 7 SYSTEMPATH\Config\BaseService.php(199): CodeIgniter\Config\BaseService::__callStatic('uri', [...])
 8 SYSTEMPATH\Config\Services.php(792): CodeIgniter\Config\BaseService::getSharedInstance('uri', null)
 9 SYSTEMPATH\Config\BaseService.php(258): CodeIgniter\Config\Services::uri()
10 SYSTEMPATH\Config\Services.php(566): CodeIgniter\Config\BaseService::__callStatic('uri', [])
11 SYSTEMPATH\Config\BaseService.php(258): CodeIgniter\Config\Services::incomingrequest(Object(Config\App), false)
12 SYSTEMPATH\Config\Services.php(524): CodeIgniter\Config\BaseService::__callStatic('incomingrequest', [...])
13 SYSTEMPATH\Config\BaseService.php(258): CodeIgniter\Config\Services::request(Object(Config\App), false)
14 SYSTEMPATH\Config\BaseService.php(199): CodeIgniter\Config\BaseService::__callStatic('request', [...])
15 SYSTEMPATH\Config\Services.php(559): CodeIgniter\Config\BaseService::getSharedInstance('request', Object(Config\App))
16 SYSTEMPATH\Config\BaseService.php(258): CodeIgniter\Config\Services::incomingrequest(Object(Config\App))
17 SYSTEMPATH\Config\Services.php(539): CodeIgniter\Config\BaseService::__callStatic('incomingrequest', [...])
18 SYSTEMPATH\Config\BaseService.php(258): CodeIgniter\Config\Services::createRequest(Object(Config\App))
19 SYSTEMPATH\CodeIgniter.php(655): CodeIgniter\Config\BaseService::__callStatic('createRequest', [...])
20 SYSTEMPATH\CodeIgniter.php(355): CodeIgniter\CodeIgniter->getRequestObject()
21 FCPATH\index.php(79): CodeIgniter\CodeIgniter->run()
CRITICAL - 2024-02-04 07:38:37 --> ErrorException: Uncaught CodeIgniter\Exceptions\ConfigException: Config\App::$baseURL "http://localhost:cs/" is not a valid URL. in C:\server\htdocs\cs\system\HTTP\SiteURI.php:199
Stack trace:
#0 C:\server\htdocs\cs\system\HTTP\SiteURI.php(145): CodeIgniter\HTTP\SiteURI->normalizeBaseURL(Object(Config\App))
#1 C:\server\htdocs\cs\system\HTTP\SiteURI.php(100): CodeIgniter\HTTP\SiteURI->determineBaseURL(Object(Config\App), NULL, NULL)
#2 C:\server\htdocs\cs\system\HTTP\SiteURIFactory.php(224): CodeIgniter\HTTP\SiteURI->__construct(Object(Config\App), '/', NULL)
#3 C:\server\htdocs\cs\system\HTTP\SiteURIFactory.php(45): CodeIgniter\HTTP\SiteURIFactory->createURIFromRoutePath('/')
#4 C:\server\htdocs\cs\system\Config\Services.php(799): CodeIgniter\HTTP\SiteURIFactory->createFromGlobals()
#5 C:\server\htdocs\cs\system\Config\BaseService.php(258): CodeIgniter\Config\Services::uri(NULL, false)
#6 C:\server\htdocs\cs\system\Config\BaseService.php(199): CodeIgniter\Config\BaseService::__callStatic('uri', Array)
#7 C:\server\htdocs\cs\system\Config\Services.php(792): CodeIgniter\Config\BaseService::getSharedInstance('uri', NULL)
#8 C:\server\htdocs\cs\system\Config\BaseService.php(258): CodeIgniter\Config\Services::uri()
#9 C:\server\htdocs\cs\system\Config\Services.php(566): CodeIgniter\Config\BaseService::__callStatic('uri', Array)
#10 C:\server\htdocs\cs\system\Config\BaseService.php(258): CodeIgniter\Config\Services::incomingrequest(Object(Config\App), false)
#11 C:\server\htdocs\cs\system\Config\Services.php(524): CodeIgniter\Config\BaseService::__callStatic('incomingrequest', Array)
#12 C:\server\htdocs\cs\system\Config\BaseService.php(258): CodeIgniter\Config\Services::request(NULL, false)
#13 C:\server\htdocs\cs\system\Config\BaseService.php(199): CodeIgniter\Config\BaseService::__callStatic('request', Array)
#14 C:\server\htdocs\cs\system\Config\Services.php(520): CodeIgniter\Config\BaseService::getSharedInstance('request', NULL)
#15 C:\server\htdocs\cs\system\Config\BaseService.php(258): CodeIgniter\Config\Services::request()
#16 C:\server\htdocs\cs\system\Debug\Exceptions.php(150): CodeIgniter\Config\BaseService::__callStatic('request', Array)
#17 [internal function]: CodeIgniter\Debug\Exceptions->exceptionHandler(Object(CodeIgniter\Exceptions\ConfigException))
#18 {main}
  thrown
【Previous Exception】
CodeIgniter\Exceptions\ConfigException
Config\App::$baseURL "http://localhost:cs/" is not a valid URL.
#0 C:\server\htdocs\cs\system\HTTP\SiteURI.php(145): CodeIgniter\HTTP\SiteURI->normalizeBaseURL(Object(Config\App))
#1 C:\server\htdocs\cs\system\HTTP\SiteURI.php(100): CodeIgniter\HTTP\SiteURI->determineBaseURL(Object(Config\App), NULL, NULL)
#2 C:\server\htdocs\cs\system\HTTP\SiteURIFactory.php(224): CodeIgniter\HTTP\SiteURI->__construct(Object(Config\App), '/', NULL)
#3 C:\server\htdocs\cs\system\HTTP\SiteURIFactory.php(45): CodeIgniter\HTTP\SiteURIFactory->createURIFromRoutePath('/')
#4 C:\server\htdocs\cs\system\Config\Services.php(799): CodeIgniter\HTTP\SiteURIFactory->createFromGlobals()
#5 C:\server\htdocs\cs\system\Config\BaseService.php(258): CodeIgniter\Config\Services::uri(NULL, false)
#6 C:\server\htdocs\cs\system\Config\BaseService.php(199): CodeIgniter\Config\BaseService::__callStatic('uri', Array)
#7 C:\server\htdocs\cs\system\Config\Services.php(792): CodeIgniter\Config\BaseService::getSharedInstance('uri', NULL)
#8 C:\server\htdocs\cs\system\Config\BaseService.php(258): CodeIgniter\Config\Services::uri()
#9 C:\server\htdocs\cs\system\Config\Services.php(566): CodeIgniter\Config\BaseService::__callStatic('uri', Array)
#10 C:\server\htdocs\cs\system\Config\BaseService.php(258): CodeIgniter\Config\Services::incomingrequest(Object(Config\App), false)
#11 C:\server\htdocs\cs\system\Config\Services.php(524): CodeIgniter\Config\BaseService::__callStatic('incomingrequest', Array)
#12 C:\server\htdocs\cs\system\Config\BaseService.php(258): CodeIgniter\Config\Services::request(Object(Config\App), false)
#13 C:\server\htdocs\cs\system\Config\BaseService.php(199): CodeIgniter\Config\BaseService::__callStatic('request', Array)
#14 C:\server\htdocs\cs\system\Config\Services.php(559): CodeIgniter\Config\BaseService::getSharedInstance('request', Object(Config\App))
#15 C:\server\htdocs\cs\system\Config\BaseService.php(258): CodeIgniter\Config\Services::incomingrequest(Object(Config\App))
#16 C:\server\htdocs\cs\system\Config\Services.php(539): CodeIgniter\Config\BaseService::__callStatic('incomingrequest', Array)
#17 C:\server\htdocs\cs\system\Config\BaseService.php(258): CodeIgniter\Config\Services::createRequest(Object(Config\App))
#18 C:\server\htdocs\cs\system\CodeIgniter.php(655): CodeIgniter\Config\BaseService::__callStatic('createRequest', Array)
#19 C:\server\htdocs\cs\system\CodeIgniter.php(355): CodeIgniter\CodeIgniter->getRequestObject()
#20 C:\server\htdocs\cs\public\index.php(79): CodeIgniter\CodeIgniter->run()
#21 {main}
in SYSTEMPATH\HTTP\SiteURI.php on line 199.
 1 [internal function]: CodeIgniter\Debug\Exceptions->shutdownHandler()
CRITICAL - 2024-02-04 07:38:42 --> CodeIgniter\Exceptions\ConfigException: Config\App::$baseURL "http://localhost:cs/" is not a valid URL.
in SYSTEMPATH\HTTP\SiteURI.php on line 199.
 1 SYSTEMPATH\HTTP\SiteURI.php(145): CodeIgniter\HTTP\SiteURI->normalizeBaseURL(Object(Config\App))
 2 SYSTEMPATH\HTTP\SiteURI.php(100): CodeIgniter\HTTP\SiteURI->determineBaseURL(Object(Config\App), null, null)
 3 SYSTEMPATH\HTTP\SiteURIFactory.php(224): CodeIgniter\HTTP\SiteURI->__construct(Object(Config\App), '/', null)
 4 SYSTEMPATH\HTTP\SiteURIFactory.php(45): CodeIgniter\HTTP\SiteURIFactory->createURIFromRoutePath('/')
 5 SYSTEMPATH\Config\Services.php(799): CodeIgniter\HTTP\SiteURIFactory->createFromGlobals()
 6 SYSTEMPATH\Config\BaseService.php(258): CodeIgniter\Config\Services::uri(null, false)
 7 SYSTEMPATH\Config\BaseService.php(199): CodeIgniter\Config\BaseService::__callStatic('uri', [...])
 8 SYSTEMPATH\Config\Services.php(792): CodeIgniter\Config\BaseService::getSharedInstance('uri', null)
 9 SYSTEMPATH\Config\BaseService.php(258): CodeIgniter\Config\Services::uri()
10 SYSTEMPATH\Config\Services.php(566): CodeIgniter\Config\BaseService::__callStatic('uri', [])
11 SYSTEMPATH\Config\BaseService.php(258): CodeIgniter\Config\Services::incomingrequest(Object(Config\App), false)
12 SYSTEMPATH\Config\Services.php(524): CodeIgniter\Config\BaseService::__callStatic('incomingrequest', [...])
13 SYSTEMPATH\Config\BaseService.php(258): CodeIgniter\Config\Services::request(Object(Config\App), false)
14 SYSTEMPATH\Config\BaseService.php(199): CodeIgniter\Config\BaseService::__callStatic('request', [...])
15 SYSTEMPATH\Config\Services.php(559): CodeIgniter\Config\BaseService::getSharedInstance('request', Object(Config\App))
16 SYSTEMPATH\Config\BaseService.php(258): CodeIgniter\Config\Services::incomingrequest(Object(Config\App))
17 SYSTEMPATH\Config\Services.php(539): CodeIgniter\Config\BaseService::__callStatic('incomingrequest', [...])
18 SYSTEMPATH\Config\BaseService.php(258): CodeIgniter\Config\Services::createRequest(Object(Config\App))
19 SYSTEMPATH\CodeIgniter.php(655): CodeIgniter\Config\BaseService::__callStatic('createRequest', [...])
20 SYSTEMPATH\CodeIgniter.php(355): CodeIgniter\CodeIgniter->getRequestObject()
21 FCPATH\index.php(79): CodeIgniter\CodeIgniter->run()
CRITICAL - 2024-02-04 07:38:42 --> ErrorException: Uncaught CodeIgniter\Exceptions\ConfigException: Config\App::$baseURL "http://localhost:cs/" is not a valid URL. in C:\server\htdocs\cs\system\HTTP\SiteURI.php:199
Stack trace:
#0 C:\server\htdocs\cs\system\HTTP\SiteURI.php(145): CodeIgniter\HTTP\SiteURI->normalizeBaseURL(Object(Config\App))
#1 C:\server\htdocs\cs\system\HTTP\SiteURI.php(100): CodeIgniter\HTTP\SiteURI->determineBaseURL(Object(Config\App), NULL, NULL)
#2 C:\server\htdocs\cs\system\HTTP\SiteURIFactory.php(224): CodeIgniter\HTTP\SiteURI->__construct(Object(Config\App), '/', NULL)
#3 C:\server\htdocs\cs\system\HTTP\SiteURIFactory.php(45): CodeIgniter\HTTP\SiteURIFactory->createURIFromRoutePath('/')
#4 C:\server\htdocs\cs\system\Config\Services.php(799): CodeIgniter\HTTP\SiteURIFactory->createFromGlobals()
#5 C:\server\htdocs\cs\system\Config\BaseService.php(258): CodeIgniter\Config\Services::uri(NULL, false)
#6 C:\server\htdocs\cs\system\Config\BaseService.php(199): CodeIgniter\Config\BaseService::__callStatic('uri', Array)
#7 C:\server\htdocs\cs\system\Config\Services.php(792): CodeIgniter\Config\BaseService::getSharedInstance('uri', NULL)
#8 C:\server\htdocs\cs\system\Config\BaseService.php(258): CodeIgniter\Config\Services::uri()
#9 C:\server\htdocs\cs\system\Config\Services.php(566): CodeIgniter\Config\BaseService::__callStatic('uri', Array)
#10 C:\server\htdocs\cs\system\Config\BaseService.php(258): CodeIgniter\Config\Services::incomingrequest(Object(Config\App), false)
#11 C:\server\htdocs\cs\system\Config\Services.php(524): CodeIgniter\Config\BaseService::__callStatic('incomingrequest', Array)
#12 C:\server\htdocs\cs\system\Config\BaseService.php(258): CodeIgniter\Config\Services::request(NULL, false)
#13 C:\server\htdocs\cs\system\Config\BaseService.php(199): CodeIgniter\Config\BaseService::__callStatic('request', Array)
#14 C:\server\htdocs\cs\system\Config\Services.php(520): CodeIgniter\Config\BaseService::getSharedInstance('request', NULL)
#15 C:\server\htdocs\cs\system\Config\BaseService.php(258): CodeIgniter\Config\Services::request()
#16 C:\server\htdocs\cs\system\Debug\Exceptions.php(150): CodeIgniter\Config\BaseService::__callStatic('request', Array)
#17 [internal function]: CodeIgniter\Debug\Exceptions->exceptionHandler(Object(CodeIgniter\Exceptions\ConfigException))
#18 {main}
  thrown
【Previous Exception】
CodeIgniter\Exceptions\ConfigException
Config\App::$baseURL "http://localhost:cs/" is not a valid URL.
#0 C:\server\htdocs\cs\system\HTTP\SiteURI.php(145): CodeIgniter\HTTP\SiteURI->normalizeBaseURL(Object(Config\App))
#1 C:\server\htdocs\cs\system\HTTP\SiteURI.php(100): CodeIgniter\HTTP\SiteURI->determineBaseURL(Object(Config\App), NULL, NULL)
#2 C:\server\htdocs\cs\system\HTTP\SiteURIFactory.php(224): CodeIgniter\HTTP\SiteURI->__construct(Object(Config\App), '/', NULL)
#3 C:\server\htdocs\cs\system\HTTP\SiteURIFactory.php(45): CodeIgniter\HTTP\SiteURIFactory->createURIFromRoutePath('/')
#4 C:\server\htdocs\cs\system\Config\Services.php(799): CodeIgniter\HTTP\SiteURIFactory->createFromGlobals()
#5 C:\server\htdocs\cs\system\Config\BaseService.php(258): CodeIgniter\Config\Services::uri(NULL, false)
#6 C:\server\htdocs\cs\system\Config\BaseService.php(199): CodeIgniter\Config\BaseService::__callStatic('uri', Array)
#7 C:\server\htdocs\cs\system\Config\Services.php(792): CodeIgniter\Config\BaseService::getSharedInstance('uri', NULL)
#8 C:\server\htdocs\cs\system\Config\BaseService.php(258): CodeIgniter\Config\Services::uri()
#9 C:\server\htdocs\cs\system\Config\Services.php(566): CodeIgniter\Config\BaseService::__callStatic('uri', Array)
#10 C:\server\htdocs\cs\system\Config\BaseService.php(258): CodeIgniter\Config\Services::incomingrequest(Object(Config\App), false)
#11 C:\server\htdocs\cs\system\Config\Services.php(524): CodeIgniter\Config\BaseService::__callStatic('incomingrequest', Array)
#12 C:\server\htdocs\cs\system\Config\BaseService.php(258): CodeIgniter\Config\Services::request(Object(Config\App), false)
#13 C:\server\htdocs\cs\system\Config\BaseService.php(199): CodeIgniter\Config\BaseService::__callStatic('request', Array)
#14 C:\server\htdocs\cs\system\Config\Services.php(559): CodeIgniter\Config\BaseService::getSharedInstance('request', Object(Config\App))
#15 C:\server\htdocs\cs\system\Config\BaseService.php(258): CodeIgniter\Config\Services::incomingrequest(Object(Config\App))
#16 C:\server\htdocs\cs\system\Config\Services.php(539): CodeIgniter\Config\BaseService::__callStatic('incomingrequest', Array)
#17 C:\server\htdocs\cs\system\Config\BaseService.php(258): CodeIgniter\Config\Services::createRequest(Object(Config\App))
#18 C:\server\htdocs\cs\system\CodeIgniter.php(655): CodeIgniter\Config\BaseService::__callStatic('createRequest', Array)
#19 C:\server\htdocs\cs\system\CodeIgniter.php(355): CodeIgniter\CodeIgniter->getRequestObject()
#20 C:\server\htdocs\cs\public\index.php(79): CodeIgniter\CodeIgniter->run()
#21 {main}
in SYSTEMPATH\HTTP\SiteURI.php on line 199.
 1 [internal function]: CodeIgniter\Debug\Exceptions->shutdownHandler()
CRITICAL - 2024-02-04 07:46:21 --> CodeIgniter\View\Exceptions\ViewException: Invalid file: "welcome_message.php"
in SYSTEMPATH\Exceptions\FrameworkException.php on line 39.
 1 SYSTEMPATH\View\View.php(216): CodeIgniter\Exceptions\FrameworkException::forInvalidFile('welcome_message.php')
 2 SYSTEMPATH\Common.php(1178): CodeIgniter\View\View->render('welcome_message', [], true)
 3 APPPATH\Controllers\Home.php(9): view('welcome_message')
 4 SYSTEMPATH\CodeIgniter.php(941): App\Controllers\Home->index()
 5 SYSTEMPATH\CodeIgniter.php(502): CodeIgniter\CodeIgniter->runController(Object(App\Controllers\Home))
 6 SYSTEMPATH\CodeIgniter.php(361): CodeIgniter\CodeIgniter->handleRequest(null, Object(Config\Cache), false)
 7 FCPATH\index.php(79): CodeIgniter\CodeIgniter->run()
CRITICAL - 2024-02-04 07:57:33 --> CodeIgniter\Exceptions\FrameworkException: The framework needs the following extension(s) installed and loaded: intl.
in SYSTEMPATH\CodeIgniter.php on line 252.
 1 SYSTEMPATH\CodeIgniter.php(252): CodeIgniter\Exceptions\FrameworkException::forMissingExtension()
 2 SYSTEMPATH\CodeIgniter.php(214): CodeIgniter\CodeIgniter->resolvePlatformExtensions()
 3 ROOTPATH\spark(88): CodeIgniter\CodeIgniter->initialize()
CRITICAL - 2024-02-04 07:57:33 --> ErrorException: Uncaught Error: Class "Locale" not found in C:\server\htdocs\cs\system\I18n\TimeTrait.php:74
Stack trace:
#0 C:\server\htdocs\cs\system\I18n\TimeTrait.php(115): CodeIgniter\I18n\Time->__construct()
#1 C:\server\htdocs\cs\system\HTTP\ResponseTrait.php(468): CodeIgniter\I18n\Time::now()
#2 C:\server\htdocs\cs\system\HTTP\ResponseTrait.php(446): CodeIgniter\HTTP\Response->sendHeaders()
#3 C:\server\htdocs\cs\system\Debug\ExceptionHandler.php(81): CodeIgniter\HTTP\Response->send()
#4 C:\server\htdocs\cs\system\Debug\Exceptions.php(156): CodeIgniter\Debug\ExceptionHandler->handle()
#5 [internal function]: CodeIgniter\Debug\Exceptions->exceptionHandler()
#6 {main}
  thrown
【Previous Exception】
CodeIgniter\Exceptions\FrameworkException
The framework needs the following extension(s) installed and loaded: intl.
#0 C:\server\htdocs\cs\system\CodeIgniter.php(252): CodeIgniter\Exceptions\FrameworkException::forMissingExtension()
#1 C:\server\htdocs\cs\system\CodeIgniter.php(214): CodeIgniter\CodeIgniter->resolvePlatformExtensions()
#2 C:\server\htdocs\cs\spark(88): CodeIgniter\CodeIgniter->initialize()
#3 {main}
in SYSTEMPATH\I18n\TimeTrait.php on line 74.
 1 [internal function]: CodeIgniter\Debug\Exceptions->shutdownHandler()
CRITICAL - 2024-02-04 07:57:40 --> CodeIgniter\Exceptions\FrameworkException: The framework needs the following extension(s) installed and loaded: intl.
in SYSTEMPATH\CodeIgniter.php on line 252.
 1 SYSTEMPATH\CodeIgniter.php(252): CodeIgniter\Exceptions\FrameworkException::forMissingExtension()
 2 SYSTEMPATH\CodeIgniter.php(214): CodeIgniter\CodeIgniter->resolvePlatformExtensions()
 3 ROOTPATH\spark(88): CodeIgniter\CodeIgniter->initialize()
CRITICAL - 2024-02-04 07:57:40 --> ErrorException: Uncaught Error: Class "Locale" not found in C:\server\htdocs\cs\system\I18n\TimeTrait.php:74
Stack trace:
#0 C:\server\htdocs\cs\system\I18n\TimeTrait.php(115): CodeIgniter\I18n\Time->__construct()
#1 C:\server\htdocs\cs\system\HTTP\ResponseTrait.php(468): CodeIgniter\I18n\Time::now()
#2 C:\server\htdocs\cs\system\HTTP\ResponseTrait.php(446): CodeIgniter\HTTP\Response->sendHeaders()
#3 C:\server\htdocs\cs\system\Debug\ExceptionHandler.php(81): CodeIgniter\HTTP\Response->send()
#4 C:\server\htdocs\cs\system\Debug\Exceptions.php(156): CodeIgniter\Debug\ExceptionHandler->handle()
#5 [internal function]: CodeIgniter\Debug\Exceptions->exceptionHandler()
#6 {main}
  thrown
【Previous Exception】
CodeIgniter\Exceptions\FrameworkException
The framework needs the following extension(s) installed and loaded: intl.
#0 C:\server\htdocs\cs\system\CodeIgniter.php(252): CodeIgniter\Exceptions\FrameworkException::forMissingExtension()
#1 C:\server\htdocs\cs\system\CodeIgniter.php(214): CodeIgniter\CodeIgniter->resolvePlatformExtensions()
#2 C:\server\htdocs\cs\spark(88): CodeIgniter\CodeIgniter->initialize()
#3 {main}
in SYSTEMPATH\I18n\TimeTrait.php on line 74.
 1 [internal function]: CodeIgniter\Debug\Exceptions->shutdownHandler()
CRITICAL - 2024-02-04 08:11:54 --> ParseError: syntax error, unexpected end of file
in APPPATH\Config\Routes.php on line 10.
 1 SYSTEMPATH\CodeIgniter.php(810): CodeIgniter\Router\RouteCollection->loadRoutes()
 2 SYSTEMPATH\CodeIgniter.php(450): CodeIgniter\CodeIgniter->tryToRouteIt(null)
 3 SYSTEMPATH\CodeIgniter.php(361): CodeIgniter\CodeIgniter->handleRequest(null, Object(Config\Cache), false)
 4 FCPATH\index.php(79): CodeIgniter\CodeIgniter->run()
CRITICAL - 2024-02-04 08:12:00 --> ErrorException: Undefined variable $route
in APPPATH\Config\Routes.php on line 9.
 1 APPPATH\Config\Routes.php(9): CodeIgniter\Debug\Exceptions->errorHandler(2, 'Undefined variable $route', 'C:\\server\\htdocs\\cs\\app\\Config\\Routes.php', 9)
 2 SYSTEMPATH\Router\RouteCollection.php(344): require('C:\\server\\htdocs\\cs\\app\\Config\\Routes.php')
 3 SYSTEMPATH\CodeIgniter.php(810): CodeIgniter\Router\RouteCollection->loadRoutes()
 4 SYSTEMPATH\CodeIgniter.php(450): CodeIgniter\CodeIgniter->tryToRouteIt(null)
 5 SYSTEMPATH\CodeIgniter.php(361): CodeIgniter\CodeIgniter->handleRequest(null, Object(Config\Cache), false)
 6 FCPATH\index.php(79): CodeIgniter\CodeIgniter->run()
CRITICAL - 2024-02-04 09:38:51 --> Error: Object of class App\Controllers\UserController could not be converted to string
in APPPATH\Controllers\UserController.php on line 55.
 1 SYSTEMPATH\CodeIgniter.php(941): App\Controllers\UserController->delete()
 2 SYSTEMPATH\CodeIgniter.php(502): CodeIgniter\CodeIgniter->runController(Object(App\Controllers\UserController))
 3 SYSTEMPATH\CodeIgniter.php(361): CodeIgniter\CodeIgniter->handleRequest(null, Object(Config\Cache), false)
 4 FCPATH\index.php(79): CodeIgniter\CodeIgniter->run()
CRITICAL - 2024-02-04 09:39:08 --> Error: Object of class App\Controllers\UserController could not be converted to string
in APPPATH\Controllers\UserController.php on line 55.
 1 SYSTEMPATH\CodeIgniter.php(941): App\Controllers\UserController->delete()
 2 SYSTEMPATH\CodeIgniter.php(502): CodeIgniter\CodeIgniter->runController(Object(App\Controllers\UserController))
 3 SYSTEMPATH\CodeIgniter.php(361): CodeIgniter\CodeIgniter->handleRequest(null, Object(Config\Cache), false)
 4 FCPATH\index.php(79): CodeIgniter\CodeIgniter->run()
CRITICAL - 2024-02-04 09:39:12 --> Error: Object of class App\Controllers\UserController could not be converted to string
in APPPATH\Controllers\UserController.php on line 55.
 1 SYSTEMPATH\CodeIgniter.php(941): App\Controllers\UserController->delete()
 2 SYSTEMPATH\CodeIgniter.php(502): CodeIgniter\CodeIgniter->runController(Object(App\Controllers\UserController))
 3 SYSTEMPATH\CodeIgniter.php(361): CodeIgniter\CodeIgniter->handleRequest(null, Object(Config\Cache), false)
 4 FCPATH\index.php(79): CodeIgniter\CodeIgniter->run()
CRITICAL - 2024-02-04 09:39:37 --> Error: Object of class App\Controllers\UserController could not be converted to string
in APPPATH\Controllers\UserController.php on line 55.
 1 SYSTEMPATH\CodeIgniter.php(941): App\Controllers\UserController->delete()
 2 SYSTEMPATH\CodeIgniter.php(502): CodeIgniter\CodeIgniter->runController(Object(App\Controllers\UserController))
 3 SYSTEMPATH\CodeIgniter.php(361): CodeIgniter\CodeIgniter->handleRequest(null, Object(Config\Cache), false)
 4 FCPATH\index.php(79): CodeIgniter\CodeIgniter->run()
CRITICAL - 2024-02-04 09:40:09 --> Error: Object of class App\Controllers\UserController could not be converted to string
in APPPATH\Controllers\UserController.php on line 55.
 1 SYSTEMPATH\CodeIgniter.php(941): App\Controllers\UserController->delete()
 2 SYSTEMPATH\CodeIgniter.php(502): CodeIgniter\CodeIgniter->runController(Object(App\Controllers\UserController))
 3 SYSTEMPATH\CodeIgniter.php(361): CodeIgniter\CodeIgniter->handleRequest(null, Object(Config\Cache), false)
 4 FCPATH\index.php(79): CodeIgniter\CodeIgniter->run()
CRITICAL - 2024-02-04 09:41:29 --> Error: Object of class App\Controllers\UserController could not be converted to string
in APPPATH\Controllers\UserController.php on line 55.
 1 SYSTEMPATH\CodeIgniter.php(941): App\Controllers\UserController->delete()
 2 SYSTEMPATH\CodeIgniter.php(502): CodeIgniter\CodeIgniter->runController(Object(App\Controllers\UserController))
 3 SYSTEMPATH\CodeIgniter.php(361): CodeIgniter\CodeIgniter->handleRequest(null, Object(Config\Cache), false)
 4 FCPATH\index.php(79): CodeIgniter\CodeIgniter->run()
